   0000                       1 __write_port::
                              2 ; IN : unsigned char port	port -> (sp - 1)
                              3 ; IN : unsigned char data	data -> (sp - 2)
   0000 DD E5         [15]    4 	push	ix			; ixh -> (sp - 1) ixl -> (sp - 2)
   0002 DD 21 00 00   [14]    5 	ld	ix,#0			; 0 -> ix
   0006 DD 39         [15]    6 	add	ix,sp			; ix + sp -> ix
                              7 
   0008 DD 4E 04      [19]    8 	ld	c,4 (ix)		; (ix + 4) -> c		<port -> c>
   000B DD 46 05      [19]    9 	ld	b,5 (ix)		; (ix + 5) -> b		<data -> b>
                             10 
   000E ED 41         [12]   11 	out	(c),b			; b -> (c)		<data -> (port)>
                             12 
   0010 DD E1         [14]   13 	pop	ix
   0012 C9            [10]   14 	ret
                             15 
                             16 
   0013                      17 __read_port::
                             18 ; IN : unsigned char port	port -> (sp - 1)
   0013 DD E5         [15]   19 	push	ix			; ixh -> (sp - 1) ixl -> (sp - 2)
   0015 DD 21 00 00   [14]   20 	ld	ix,#0			; 0 -> ix
   0019 DD 39         [15]   21 	add	ix,sp			; ix + sp -> ix
                             22 
   001B DD 4E 04      [19]   23 	ld	c,4 (ix)		; (ix + 4) -> c		<port -> c>
                             24 
   001E ED 40         [12]   25 	in	b,(c)			; (c) -> a		<(port) -> b>
   0020 68            [ 4]   26 	ld	l,b			; b -> l
                             27 
   0021 DD E1         [14]   28 	pop	ix
   0023 C9            [10]   29 	ret
                             30 ; OUT : unsigned char data	data -> l
