   0000                       1 __write_byte::
                              2 ; IN : unsigned int addr	addr[1] -> (sp - 2), addr[0] -> (sp - 1)
                              3 ; IN : unsigned char data	data -> (sp - 3)
   0000 DD E5         [15]    4 	push	ix			; ixh -> (sp - 1) ixl -> (sp - 2)
   0002 DD 21 00 00   [14]    5 	ld	ix,#0			; 0 -> ix
   0006 DD 39         [15]    6 	add	ix,sp			; ix + sp -> ix
                              7 
   0008 DD 4E 04      [19]    8 	ld	c,4 (ix)		; (ix + 4) -> c		<addr[1] -> c>
   000B DD 46 05      [19]    9 	ld	b,5 (ix)		; (ix + 5) -> b		<addr[0] -> b>
   000E DD 7E 06      [19]   10 	ld	a,6 (ix)		; (ix + 6) -> a		<data -> a>
                             11 
   0011 02            [ 7]   12 	ld	(bc),a			; a -> (bc)		<data -> (addr)>
                             13 
   0012 DD E1         [14]   14 	pop	ix
   0014 C9            [10]   15 	ret
                             16 
                             17 
   0015                      18 __read_byte::
                             19 ; IN : unsigned int addr
   0015 DD E5         [15]   20 	push	ix			; ixh -> (sp - 1) ixl -> (sp - 2)
   0017 DD 21 00 00   [14]   21 	ld	ix,#0			; 0 -> ix
   001B DD 39         [15]   22 	add	ix,sp			; ix + sp -> ix
                             23 
   001D DD 4E 04      [19]   24 	ld	c,4 (ix)		; (ix + 4) -> c		<addr[1] -> c>
   0020 DD 46 05      [19]   25 	ld	b,5 (ix)		; (ix + 4) -> b		<addr[0] -> b>
                             26 
   0023 0A            [ 7]   27 	ld	a,(bc)			; (bc) -> a		<(addr) -> a>
   0024 6F            [ 4]   28 	ld	l,a			; a -> l
                             29 
   0025 DD E1         [14]   30 	pop	ix
   0027 C9            [10]   31 	ret
                             32 ; OUT : unsigned char data	data -> l
